<?xml version="1.0" encoding="UTF-8"?>
<!-- Generated by org.testng.reporters.JUnitXMLReporter -->
<testsuite hostname="DESKTOP-26H6AJG" ignored="1" name="Hub Spot Functional Regression Test - FF" tests="0" failures="0" timestamp="2020-04-11T23:27:49 EDT" time="3.414" errors="0">
  <testcase name="login_InvalidTestCases" time="0.0" classname="com.qa.hubspot.tests.LoginPageTest">
    <ignored/>
  </testcase> <!-- login_InvalidTestCases -->
</testsuite> <!-- Hub Spot Functional Regression Test - FF -->
